2025-07-11 15:08:07 [WARNING ] vocard: No active token available for processing the request.
2025-07-11 16:25:42 [WARNING ] vocard: No active token available for processing the request.
2025-07-11 16:31:55 [WARNING ] vocard: No active token available for processing the request.
2025-07-11 17:21:59 [INFO    ] discord.gateway: Shard ID None has successfully RESUMED session 5d82bbb12c0ca25de9786ba887d485cd.
2025-07-11 18:02:00 [WARNING ] vocard: No active token available for processing the request.
2025-07-11 18:03:27 [WARNING ] vocard: No active token available for processing the request.
2025-07-11 18:06:43 [WARNING ] vocard: No active token available for processing the request.
2025-07-11 18:09:20 [WARNING ] vocard: No active token available for processing the request.
2025-07-11 18:13:17 [WARNING ] vocard: No active token available for processing the request.
2025-07-11 18:17:45 [WARNING ] vocard: No active token available for processing the request.
2025-07-11 18:21:49 [WARNING ] vocard: No active token available for processing the request.
2025-07-11 18:25:36 [WARNING ] vocard: No active token available for processing the request.
2025-07-11 18:32:53 [WARNING ] vocard: WebSocket closed for node [DEFAULT]
2025-07-11 18:32:53 [INFO    ] vocard: Trying to reconnect node [DEFAULT] in 4s
2025-07-11 18:32:59 [INFO    ] vocard: Node [DEFAULT] is connected!
2025-07-11 18:33:13 [WARNING ] vocard: No active token available for processing the request.
2025-07-11 18:59:25 [INFO    ] discord.gateway: Shard ID None has successfully RESUMED session 5d82bbb12c0ca25de9786ba887d485cd.
2025-07-11 19:21:27 [WARNING ] vocard: No active token available for processing the request.
2025-07-11 19:24:42 [WARNING ] vocard: No active token available for processing the request.
2025-07-11 19:26:09 [WARNING ] vocard: No active token available for processing the request.
2025-07-11 19:31:58 [WARNING ] vocard: No active token available for processing the request.
2025-07-11 19:35:55 [WARNING ] vocard: No active token available for processing the request.
2025-07-11 19:50:22 [WARNING ] vocard: No active token available for processing the request.
2025-07-11 19:50:44 [WARNING ] vocard: No active token available for processing the request.
2025-07-11 19:51:28 [INFO    ] discord.gateway: Shard ID None has successfully RESUMED session 5d82bbb12c0ca25de9786ba887d485cd.
2025-07-11 19:54:10 [WARNING ] vocard: No active token available for processing the request.
2025-07-11 19:59:09 [WARNING ] vocard: No active token available for processing the request.
2025-07-11 20:03:58 [WARNING ] vocard: No active token available for processing the request.
2025-07-11 20:05:17 [WARNING ] vocard: No active token available for processing the request.
2025-07-11 20:06:23 [ERROR   ] discord.app_commands.tree: Ignoring exception in autocomplete for 'play'
Traceback (most recent call last):
  File "/home/container/.local/lib/python3.11/site-packages/discord/app_commands/tree.py", line 1302, in _call
    await command._invoke_autocomplete(interaction, focused, namespace)
  File "/home/container/.local/lib/python3.11/site-packages/discord/app_commands/commands.py", line 927, in _invoke_autocomplete
    await interaction.response.autocomplete(choices)
  File "/home/container/.local/lib/python3.11/site-packages/discord/interactions.py", line 1279, in autocomplete
    await adapter.create_interaction_response(
  File "/home/container/.local/lib/python3.11/site-packages/discord/webhook/async_.py", line 224, in request
    raise NotFound(response, data)
discord.errors.NotFound: 404 Not Found (error code: 10062): Unknown interaction
2025-07-11 20:06:32 [WARNING ] vocard: No active token available for processing the request.
2025-07-11 20:06:36 [WARNING ] vocard: No active token available for processing the request.
2025-07-11 20:11:56 [WARNING ] vocard: No active token available for processing the request.
2025-07-11 20:33:13 [WARNING ] discord.gateway: Shard ID None has stopped responding to the gateway. Closing and restarting.
2025-07-11 20:33:14 [INFO    ] discord.gateway: Shard ID None has successfully RESUMED session 5d82bbb12c0ca25de9786ba887d485cd.
2025-07-11 22:51:49 [INFO    ] discord.gateway: Shard ID None has successfully RESUMED session 5d82bbb12c0ca25de9786ba887d485cd.
2025-07-11 23:33:25 [WARNING ] vocard: No active token available for processing the request.
2025-07-11 23:33:50 [WARNING ] vocard: No active token available for processing the request.
2025-07-11 23:35:14 [WARNING ] vocard: No active token available for processing the request.
2025-07-11 23:40:33 [WARNING ] vocard: No active token available for processing the request.
2025-07-11 23:41:24 [WARNING ] vocard: No active token available for processing the request.
2025-07-11 23:45:46 [INFO    ] discord.gateway: Shard ID None has successfully RESUMED session 5d82bbb12c0ca25de9786ba887d485cd.
2025-07-11 23:45:52 [WARNING ] vocard: No active token available for processing the request.
2025-07-11 23:51:00 [WARNING ] vocard: No active token available for processing the request.
2025-07-11 23:55:43 [WARNING ] vocard: No active token available for processing the request.
2025-07-12 00:01:31 [WARNING ] vocard: No active token available for processing the request.
2025-07-12 00:05:31 [WARNING ] vocard: No active token available for processing the request.
2025-07-12 00:11:50 [WARNING ] vocard: No active token available for processing the request.
2025-07-12 00:15:35 [WARNING ] vocard: No active token available for processing the request.
2025-07-12 00:19:44 [WARNING ] vocard: No active token available for processing the request.
2025-07-12 00:24:12 [WARNING ] vocard: No active token available for processing the request.
2025-07-12 00:28:40 [WARNING ] vocard: No active token available for processing the request.
2025-07-12 00:32:18 [WARNING ] vocard: No active token available for processing the request.
2025-07-12 00:38:32 [WARNING ] vocard: No active token available for processing the request.
2025-07-12 00:41:09 [WARNING ] vocard: No active token available for processing the request.
2025-07-12 00:45:59 [WARNING ] vocard: No active token available for processing the request.
2025-07-12 00:50:11 [WARNING ] vocard: No active token available for processing the request.
2025-07-12 00:53:37 [WARNING ] vocard: No active token available for processing the request.
2025-07-12 00:56:30 [INFO    ] discord.gateway: Shard ID None has successfully RESUMED session 5d82bbb12c0ca25de9786ba887d485cd.
2025-07-12 00:56:46 [WARNING ] vocard: No active token available for processing the request.
2025-07-12 01:00:18 [WARNING ] vocard: No active token available for processing the request.
2025-07-12 01:04:13 [WARNING ] vocard: No active token available for processing the request.
2025-07-12 01:10:01 [WARNING ] vocard: No active token available for processing the request.
2025-07-12 01:14:28 [WARNING ] vocard: No active token available for processing the request.
2025-07-12 01:19:02 [WARNING ] vocard: No active token available for processing the request.
2025-07-12 01:23:47 [WARNING ] vocard: No active token available for processing the request.
2025-07-12 01:27:16 [WARNING ] vocard: No active token available for processing the request.
2025-07-12 01:31:05 [WARNING ] vocard: No active token available for processing the request.
2025-07-12 01:34:28 [WARNING ] vocard: No active token available for processing the request.
2025-07-12 01:38:14 [WARNING ] vocard: No active token available for processing the request.
2025-07-12 01:42:17 [WARNING ] vocard: No active token available for processing the request.
2025-07-12 01:47:04 [WARNING ] vocard: No active token available for processing the request.
2025-07-12 01:51:39 [WARNING ] vocard: No active token available for processing the request.
2025-07-12 01:52:33 [INFO    ] discord.gateway: Shard ID None has successfully RESUMED session 5d82bbb12c0ca25de9786ba887d485cd.
2025-07-12 01:56:36 [WARNING ] vocard: No active token available for processing the request.
2025-07-12 01:59:39 [WARNING ] vocard: No active token available for processing the request.
2025-07-12 02:03:41 [WARNING ] vocard: No active token available for processing the request.
2025-07-12 02:07:41 [WARNING ] vocard: No active token available for processing the request.
2025-07-12 02:11:08 [WARNING ] vocard: No active token available for processing the request.
2025-07-12 02:16:48 [WARNING ] vocard: No active token available for processing the request.
2025-07-12 02:21:18 [WARNING ] vocard: No active token available for processing the request.
2025-07-12 02:25:36 [WARNING ] vocard: No active token available for processing the request.
2025-07-12 02:30:14 [WARNING ] vocard: No active token available for processing the request.
2025-07-12 02:30:34 [WARNING ] vocard: No active token available for processing the request.
2025-07-12 02:34:37 [WARNING ] vocard: No active token available for processing the request.
2025-07-12 02:40:04 [WARNING ] vocard: No active token available for processing the request.
2025-07-12 02:43:36 [WARNING ] vocard: No active token available for processing the request.
2025-07-12 02:46:16 [WARNING ] vocard: No active token available for processing the request.
2025-07-12 02:50:16 [WARNING ] vocard: No active token available for processing the request.
2025-07-12 02:53:42 [WARNING ] vocard: No active token available for processing the request.
2025-07-12 02:57:03 [WARNING ] vocard: No active token available for processing the request.
2025-07-12 03:00:40 [WARNING ] vocard: No active token available for processing the request.
2025-07-12 03:04:40 [WARNING ] vocard: No active token available for processing the request.
2025-07-12 03:07:37 [WARNING ] vocard: No active token available for processing the request.
2025-07-12 03:11:11 [WARNING ] vocard: No active token available for processing the request.
2025-07-12 03:15:33 [WARNING ] vocard: No active token available for processing the request.
2025-07-12 03:19:05 [WARNING ] vocard: No active token available for processing the request.
2025-07-12 03:21:49 [WARNING ] vocard: No active token available for processing the request.
2025-07-12 03:24:55 [WARNING ] vocard: No active token available for processing the request.
2025-07-12 03:28:55 [WARNING ] vocard: No active token available for processing the request.
2025-07-12 03:33:18 [WARNING ] vocard: No active token available for processing the request.
2025-07-12 03:37:53 [WARNING ] vocard: No active token available for processing the request.
2025-07-12 03:42:03 [WARNING ] vocard: No active token available for processing the request.
2025-07-12 03:45:33 [WARNING ] vocard: No active token available for processing the request.
2025-07-12 03:49:16 [WARNING ] vocard: No active token available for processing the request.
2025-07-12 03:52:58 [WARNING ] vocard: No active token available for processing the request.
2025-07-12 03:55:54 [WARNING ] vocard: No active token available for processing the request.
2025-07-12 03:58:45 [WARNING ] vocard: No active token available for processing the request.
2025-07-12 04:02:39 [WARNING ] vocard: No active token available for processing the request.
2025-07-12 04:06:30 [WARNING ] vocard: No active token available for processing the request.
2025-07-12 04:09:10 [WARNING ] vocard: No active token available for processing the request.
2025-07-12 04:12:42 [WARNING ] vocard: No active token available for processing the request.
2025-07-12 04:12:47 [INFO    ] discord.gateway: Shard ID None has successfully RESUMED session 5d82bbb12c0ca25de9786ba887d485cd.
2025-07-12 04:16:23 [WARNING ] vocard: No active token available for processing the request.
2025-07-12 04:21:06 [WARNING ] vocard: No active token available for processing the request.
2025-07-12 04:24:41 [WARNING ] vocard: No active token available for processing the request.
2025-07-12 04:26:55 [WARNING ] vocard: No active token available for processing the request.
2025-07-12 04:29:36 [WARNING ] vocard: No active token available for processing the request.
2025-07-12 04:31:50 [WARNING ] vocard: No active token available for processing the request.
2025-07-12 04:35:40 [WARNING ] vocard: No active token available for processing the request.
2025-07-12 04:38:54 [WARNING ] vocard: No active token available for processing the request.
2025-07-12 07:08:46 [INFO    ] discord.gateway: Shard ID None has successfully RESUMED session 5d82bbb12c0ca25de9786ba887d485cd.
2025-07-12 07:19:23 [INFO    ] discord.gateway: Shard ID None has successfully RESUMED session 5d82bbb12c0ca25de9786ba887d485cd.
2025-07-12 08:43:32 [INFO    ] discord.gateway: Shard ID None has successfully RESUMED session 5d82bbb12c0ca25de9786ba887d485cd.
2025-07-12 09:00:29 [INFO    ] discord.gateway: Shard ID None has successfully RESUMED session 5d82bbb12c0ca25de9786ba887d485cd.
2025-07-12 09:05:42 [WARNING ] vocard: No active token available for processing the request.
2025-07-12 09:19:51 [WARNING ] vocard: No active token available for processing the request.
2025-07-12 09:25:11 [WARNING ] vocard: No active token available for processing the request.
2025-07-12 09:30:32 [WARNING ] vocard: No active token available for processing the request.
2025-07-12 09:35:11 [WARNING ] vocard: No active token available for processing the request.
2025-07-12 09:39:15 [WARNING ] vocard: No active token available for processing the request.
2025-07-12 09:44:36 [WARNING ] vocard: No active token available for processing the request.
2025-07-12 09:50:16 [WARNING ] vocard: No active token available for processing the request.
2025-07-12 09:54:55 [WARNING ] vocard: No active token available for processing the request.
2025-07-12 10:00:23 [WARNING ] vocard: No active token available for processing the request.
2025-07-12 10:05:05 [WARNING ] vocard: No active token available for processing the request.
2025-07-12 10:08:29 [WARNING ] vocard: No active token available for processing the request.
2025-07-12 10:13:15 [WARNING ] vocard: No active token available for processing the request.
2025-07-12 10:17:00 [WARNING ] vocard: No active token available for processing the request.
2025-07-12 10:22:11 [WARNING ] vocard: No active token available for processing the request.
2025-07-12 10:26:20 [WARNING ] vocard: No active token available for processing the request.
2025-07-12 10:31:22 [WARNING ] vocard: No active token available for processing the request.
2025-07-12 10:35:55 [WARNING ] vocard: No active token available for processing the request.
2025-07-12 10:47:56 [WARNING ] vocard: No active token available for processing the request.
2025-07-12 10:54:12 [WARNING ] vocard: No active token available for processing the request.
2025-07-12 11:20:44 [WARNING ] vocard: No active token available for processing the request.
2025-07-12 11:45:26 [WARNING ] vocard: No active token available for processing the request.
2025-07-12 11:50:35 [WARNING ] vocard: No active token available for processing the request.
2025-07-12 11:53:06 [ERROR   ] asyncio: Task exception was never retrieved
future: <Task finished name='discord-ui-view-dispatch-db2fc292f6816ffa5119a55369817ded' coro=<View._scheduled_task() done, defined at /home/container/.local/lib/python3.11/site-packages/discord/ui/view.py:424> exception=NotFound('404 Not Found (error code: 10062): Unknown interaction')>
Traceback (most recent call last):
  File "/home/container/.local/lib/python3.11/site-packages/discord/ui/view.py", line 435, in _scheduled_task
    await item.callback(interaction)
  File "/home/container/Vocard/views/controller.py", line 118, in callback
    await interaction.response.edit_message(view=self.view)
  File "/home/container/.local/lib/python3.11/site-packages/discord/interactions.py", line 1154, in edit_message
    response = await adapter.create_interaction_response(
               ^^^^^^^^^^^^^^^^^^^^^^^^^^^^^^^^^^^^^^^^^^
  File "/home/container/.local/lib/python3.11/site-packages/discord/webhook/async_.py", line 224, in request
    raise NotFound(response, data)
discord.errors.NotFound: 404 Not Found (error code: 10062): Unknown interaction

During handling of the above exception, another exception occurred:

Traceback (most recent call last):
  File "/home/container/.local/lib/python3.11/site-packages/discord/ui/view.py", line 437, in _scheduled_task
    return await self.on_error(interaction, e, item)
           ^^^^^^^^^^^^^^^^^^^^^^^^^^^^^^^^^^^^^^^^^
  File "/home/container/Vocard/views/controller.py", line 519, in on_error
    await interaction.response.send_message(error)
  File "/home/container/.local/lib/python3.11/site-packages/discord/interactions.py", line 1004, in send_message
    response = await adapter.create_interaction_response(
               ^^^^^^^^^^^^^^^^^^^^^^^^^^^^^^^^^^^^^^^^^^
  File "/home/container/.local/lib/python3.11/site-packages/discord/webhook/async_.py", line 224, in request
    raise NotFound(response, data)
discord.errors.NotFound: 404 Not Found (error code: 10062): Unknown interaction
2025-07-12 12:05:24 [WARNING ] vocard: No active token available for processing the request.
2025-07-12 12:08:35 [WARNING ] vocard: No active token available for processing the request.
2025-07-12 12:12:35 [WARNING ] vocard: No active token available for processing the request.
2025-07-12 12:16:23 [WARNING ] vocard: No active token available for processing the request.
2025-07-12 12:16:55 [INFO    ] discord.gateway: Shard ID None has successfully RESUMED session 5d82bbb12c0ca25de9786ba887d485cd.
2025-07-12 12:23:51 [WARNING ] vocard: No active token available for processing the request.
2025-07-12 12:27:54 [WARNING ] vocard: No active token available for processing the request.
2025-07-12 12:31:15 [WARNING ] vocard: No active token available for processing the request.
2025-07-12 12:33:59 [WARNING ] vocard: No active token available for processing the request.
2025-07-12 12:37:26 [WARNING ] vocard: No active token available for processing the request.
2025-07-12 12:40:51 [WARNING ] vocard: No active token available for processing the request.
2025-07-12 12:43:41 [WARNING ] vocard: No active token available for processing the request.
2025-07-12 12:47:04 [WARNING ] vocard: No active token available for processing the request.
2025-07-12 12:50:46 [WARNING ] vocard: No active token available for processing the request.
2025-07-12 12:53:53 [WARNING ] vocard: No active token available for processing the request.
2025-07-12 12:59:47 [WARNING ] vocard: No active token available for processing the request.
2025-07-12 13:04:07 [WARNING ] vocard: No active token available for processing the request.
2025-07-12 13:07:26 [WARNING ] vocard: No active token available for processing the request.
2025-07-12 13:10:48 [WARNING ] vocard: No active token available for processing the request.
2025-07-12 13:14:08 [WARNING ] vocard: No active token available for processing the request.
2025-07-12 13:46:07 [INFO    ] discord.gateway: Shard ID None has successfully RESUMED session 5d82bbb12c0ca25de9786ba887d485cd.
2025-07-12 14:43:04 [WARNING ] vocard: WebSocket closed for node [DEFAULT]
2025-07-12 14:43:04 [INFO    ] vocard: Trying to reconnect node [DEFAULT] in 3s
2025-07-12 14:43:10 [INFO    ] vocard: Node [DEFAULT] is connected!
2025-07-12 14:48:29 [WARNING ] vocard: WebSocket closed for node [DEFAULT]
2025-07-12 14:48:29 [INFO    ] vocard: Trying to reconnect node [DEFAULT] in 10s
2025-07-12 14:48:40 [INFO    ] vocard: Node [DEFAULT] is connected!
